<?xml version="1.0" encoding="UTF-8"?>
<testng-results skipped="0" failed="0" total="1" passed="1">
  <reporter-output>
  </reporter-output>
  <suite name="Surefire suite" duration-ms="73" started-at="2019-02-05T12:35:16Z" finished-at="2019-02-05T12:35:16Z">
    <groups>
    </groups>
    <test name="Surefire test" duration-ms="73" started-at="2019-02-05T12:35:16Z" finished-at="2019-02-05T12:35:16Z">
      <class name="mypack.TestConsecutiveLetters">
        <test-method status="PASS" signature="testForPositiveScenario()[pri:0, instance:mypack.TestConsecutiveLetters@3cb5cdba]" name="testForPositiveScenario" duration-ms="34" started-at="2019-02-05T18:05:16Z" finished-at="2019-02-05T18:05:16Z">
          <reporter-output>
          </reporter-output>
        </test-method> <!-- testForPositiveScenario -->
      </class> <!-- mypack.TestConsecutiveLetters -->
    </test> <!-- Surefire test -->
  </suite> <!-- Surefire suite -->
</testng-results>
